Analysis & Synthesis report for Integrador
Tue Dec 03 17:18:10 2024
Quartus II 64-Bit Version 13.0.1 Build 232 06/12/2013 Service Pack 1 SJ Web Edition


---------------------
; Table of Contents ;
---------------------
  1. Legal Notice
  2. Analysis & Synthesis Summary
  3. Analysis & Synthesis Settings
  4. Parallel Compilation
  5. Analysis & Synthesis Source Files Read
  6. Analysis & Synthesis Resource Usage Summary
  7. Analysis & Synthesis Resource Utilization by Entity
  8. State Machine - |Integrador|DisplaySelector:instDisplaySelector|next_state
  9. State Machine - |Integrador|DisplaySelector:instDisplaySelector|state
 10. State Machine - |Integrador|DecodeComand:instDecodeComand|next_state
 11. State Machine - |Integrador|DecodeComand:instDecodeComand|state
 12. State Machine - |Integrador|SerialPort:instSerialPort|state
 13. State Machine - |Integrador|SerialPort:instSerialPort|next_state
 14. Registers Removed During Synthesis
 15. Removed Registers Triggering Further Register Optimizations
 16. General Register Statistics
 17. Multiplexer Restructuring Statistics (Restructuring Performed)
 18. Parameter Settings for User Entity Instance: BaudRate:instBaudRate
 19. Parameter Settings for User Entity Instance: PWM:instPWM
 20. Port Connectivity Checks: "DecodeComand:instDecodeComand"
 21. Elapsed Time Per Partition
 22. Analysis & Synthesis Messages



----------------
; Legal Notice ;
----------------
Copyright (C) 1991-2013 Altera Corporation
Your use of Altera Corporation's design tools, logic functions 
and other software and tools, and its AMPP partner logic 
functions, and any output files from any of the foregoing 
(including device programming or simulation files), and any 
associated documentation or information are expressly subject 
to the terms and conditions of the Altera Program License 
Subscription Agreement, Altera MegaCore Function License 
Agreement, or other applicable license agreement, including, 
without limitation, that your use is for the sole purpose of 
programming logic devices manufactured by Altera and sold by 
Altera or its authorized distributors.  Please refer to the 
applicable agreement for further details.



+--------------------------------------------------------------------------------------+
; Analysis & Synthesis Summary                                                         ;
+------------------------------------+-------------------------------------------------+
; Analysis & Synthesis Status        ; Successful - Tue Dec 03 17:18:10 2024           ;
; Quartus II 64-Bit Version          ; 13.0.1 Build 232 06/12/2013 SP 1 SJ Web Edition ;
; Revision Name                      ; Integrador                                      ;
; Top-level Entity Name              ; Integrador                                      ;
; Family                             ; Cyclone II                                      ;
; Total logic elements               ; 356                                             ;
;     Total combinational functions  ; 271                                             ;
;     Dedicated logic registers      ; 234                                             ;
; Total registers                    ; 234                                             ;
; Total pins                         ; 14                                              ;
; Total virtual pins                 ; 0                                               ;
; Total memory bits                  ; 0                                               ;
; Embedded Multiplier 9-bit elements ; 0                                               ;
; Total PLLs                         ; 0                                               ;
+------------------------------------+-------------------------------------------------+


+----------------------------------------------------------------------------------------------------------------------+
; Analysis & Synthesis Settings                                                                                        ;
+----------------------------------------------------------------------------+--------------------+--------------------+
; Option                                                                     ; Setting            ; Default Value      ;
+----------------------------------------------------------------------------+--------------------+--------------------+
; Device                                                                     ; EP2C5T144C8        ;                    ;
; Top-level entity name                                                      ; Integrador         ; Integrador         ;
; Family name                                                                ; Cyclone II         ; Cyclone IV GX      ;
; Use smart compilation                                                      ; Off                ; Off                ;
; Enable parallel Assembler and TimeQuest Timing Analyzer during compilation ; On                 ; On                 ;
; Enable compact report table                                                ; Off                ; Off                ;
; Restructure Multiplexers                                                   ; Auto               ; Auto               ;
; Create Debugging Nodes for IP Cores                                        ; Off                ; Off                ;
; Preserve fewer node names                                                  ; On                 ; On                 ;
; Disable OpenCore Plus hardware evaluation                                  ; Off                ; Off                ;
; Verilog Version                                                            ; Verilog_2001       ; Verilog_2001       ;
; VHDL Version                                                               ; VHDL_1993          ; VHDL_1993          ;
; State Machine Processing                                                   ; Auto               ; Auto               ;
; Safe State Machine                                                         ; Off                ; Off                ;
; Extract Verilog State Machines                                             ; On                 ; On                 ;
; Extract VHDL State Machines                                                ; On                 ; On                 ;
; Ignore Verilog initial constructs                                          ; Off                ; Off                ;
; Iteration limit for constant Verilog loops                                 ; 5000               ; 5000               ;
; Iteration limit for non-constant Verilog loops                             ; 250                ; 250                ;
; Add Pass-Through Logic to Inferred RAMs                                    ; On                 ; On                 ;
; Infer RAMs from Raw Logic                                                  ; On                 ; On                 ;
; Parallel Synthesis                                                         ; On                 ; On                 ;
; DSP Block Balancing                                                        ; Auto               ; Auto               ;
; NOT Gate Push-Back                                                         ; On                 ; On                 ;
; Power-Up Don't Care                                                        ; On                 ; On                 ;
; Remove Redundant Logic Cells                                               ; Off                ; Off                ;
; Remove Duplicate Registers                                                 ; On                 ; On                 ;
; Ignore CARRY Buffers                                                       ; Off                ; Off                ;
; Ignore CASCADE Buffers                                                     ; Off                ; Off                ;
; Ignore GLOBAL Buffers                                                      ; Off                ; Off                ;
; Ignore ROW GLOBAL Buffers                                                  ; Off                ; Off                ;
; Ignore LCELL Buffers                                                       ; Off                ; Off                ;
; Ignore SOFT Buffers                                                        ; On                 ; On                 ;
; Limit AHDL Integers to 32 Bits                                             ; Off                ; Off                ;
; Optimization Technique                                                     ; Balanced           ; Balanced           ;
; Carry Chain Length                                                         ; 70                 ; 70                 ;
; Auto Carry Chains                                                          ; On                 ; On                 ;
; Auto Open-Drain Pins                                                       ; On                 ; On                 ;
; Perform WYSIWYG Primitive Resynthesis                                      ; Off                ; Off                ;
; Auto ROM Replacement                                                       ; On                 ; On                 ;
; Auto RAM Replacement                                                       ; On                 ; On                 ;
; Auto Shift Register Replacement                                            ; Auto               ; Auto               ;
; Allow Shift Register Merging across Hierarchies                            ; Auto               ; Auto               ;
; Auto Clock Enable Replacement                                              ; On                 ; On                 ;
; Strict RAM Replacement                                                     ; Off                ; Off                ;
; Allow Synchronous Control Signals                                          ; On                 ; On                 ;
; Force Use of Synchronous Clear Signals                                     ; Off                ; Off                ;
; Auto RAM to Logic Cell Conversion                                          ; Off                ; Off                ;
; Auto Resource Sharing                                                      ; Off                ; Off                ;
; Allow Any RAM Size For Recognition                                         ; Off                ; Off                ;
; Allow Any ROM Size For Recognition                                         ; Off                ; Off                ;
; Allow Any Shift Register Size For Recognition                              ; Off                ; Off                ;
; Use LogicLock Constraints during Resource Balancing                        ; On                 ; On                 ;
; Ignore translate_off and synthesis_off directives                          ; Off                ; Off                ;
; Timing-Driven Synthesis                                                    ; Off                ; Off                ;
; Report Parameter Settings                                                  ; On                 ; On                 ;
; Report Source Assignments                                                  ; On                 ; On                 ;
; Report Connectivity Checks                                                 ; On                 ; On                 ;
; Ignore Maximum Fan-Out Assignments                                         ; Off                ; Off                ;
; Synchronization Register Chain Length                                      ; 2                  ; 2                  ;
; PowerPlay Power Optimization                                               ; Normal compilation ; Normal compilation ;
; HDL message level                                                          ; Level2             ; Level2             ;
; Suppress Register Optimization Related Messages                            ; Off                ; Off                ;
; Number of Removed Registers Reported in Synthesis Report                   ; 5000               ; 5000               ;
; Number of Swept Nodes Reported in Synthesis Report                         ; 5000               ; 5000               ;
; Number of Inverted Registers Reported in Synthesis Report                  ; 100                ; 100                ;
; Clock MUX Protection                                                       ; On                 ; On                 ;
; Auto Gated Clock Conversion                                                ; Off                ; Off                ;
; Block Design Naming                                                        ; Auto               ; Auto               ;
; SDC constraint protection                                                  ; Off                ; Off                ;
; Synthesis Effort                                                           ; Auto               ; Auto               ;
; Shift Register Replacement - Allow Asynchronous Clear Signal               ; On                 ; On                 ;
; Pre-Mapping Resynthesis Optimization                                       ; Off                ; Off                ;
; Analysis & Synthesis Message Level                                         ; Medium             ; Medium             ;
; Disable Register Merging Across Hierarchies                                ; Auto               ; Auto               ;
; Resource Aware Inference For Block RAM                                     ; On                 ; On                 ;
; Synthesis Seed                                                             ; 1                  ; 1                  ;
+----------------------------------------------------------------------------+--------------------+--------------------+


Parallel compilation was disabled, but you have multiple processors available. Enable parallel compilation to reduce compilation time.
+-------------------------------------+
; Parallel Compilation                ;
+----------------------------+--------+
; Processors                 ; Number ;
+----------------------------+--------+
; Number detected on machine ; 4      ;
; Maximum allowed            ; 1      ;
+----------------------------+--------+


+------------------------------------------------------------------------------------------------------------------------------------------------+
; Analysis & Synthesis Source Files Read                                                                                                         ;
+----------------------------------+-----------------+-----------------+---------------------------------------------------------------+---------+
; File Name with User-Entered Path ; Used in Netlist ; File Type       ; File Name with Absolute Path                                  ; Library ;
+----------------------------------+-----------------+-----------------+---------------------------------------------------------------+---------+
; Integrador.vhd                   ; yes             ; User VHDL File  ; D:/Estudios/UNER/Créditos/VHDL/Integrador/Integrador.vhd      ;         ;
; BaudRate.vhd                     ; yes             ; User VHDL File  ; D:/Estudios/UNER/Créditos/VHDL/Integrador/BaudRate.vhd        ;         ;
; SerialPort.vhd                   ; yes             ; User VHDL File  ; D:/Estudios/UNER/Créditos/VHDL/Integrador/SerialPort.vhd      ;         ;
; DecodeComand.vhd                 ; yes             ; User VHDL File  ; D:/Estudios/UNER/Créditos/VHDL/Integrador/DecodeComand.vhd    ;         ;
; PWM.vhd                          ; yes             ; User VHDL File  ; D:/Estudios/UNER/Créditos/VHDL/Integrador/PWM.vhd             ;         ;
; DisplaySelector.vhd              ; yes             ; User VHDL File  ; D:/Estudios/UNER/Créditos/VHDL/Integrador/DisplaySelector.vhd ;         ;
; HexDecode.vhd                    ; yes             ; User VHDL File  ; D:/Estudios/UNER/Créditos/VHDL/Integrador/HexDecode.vhd       ;         ;
+----------------------------------+-----------------+-----------------+---------------------------------------------------------------+---------+


+-----------------------------------------------------+
; Analysis & Synthesis Resource Usage Summary         ;
+---------------------------------------------+-------+
; Resource                                    ; Usage ;
+---------------------------------------------+-------+
; Estimated Total logic elements              ; 356   ;
;                                             ;       ;
; Total combinational functions               ; 271   ;
; Logic element usage by number of LUT inputs ;       ;
;     -- 4 input functions                    ; 96    ;
;     -- 3 input functions                    ; 61    ;
;     -- <=2 input functions                  ; 114   ;
;                                             ;       ;
; Logic elements by mode                      ;       ;
;     -- normal mode                          ; 174   ;
;     -- arithmetic mode                      ; 97    ;
;                                             ;       ;
; Total registers                             ; 234   ;
;     -- Dedicated logic registers            ; 234   ;
;     -- I/O registers                        ; 0     ;
;                                             ;       ;
; I/O pins                                    ; 14    ;
; Embedded Multiplier 9-bit elements          ; 0     ;
; Maximum fan-out node                        ; CLK   ;
; Maximum fan-out                             ; 234   ;
; Total fan-out                               ; 1562  ;
; Average fan-out                             ; 3.01  ;
+---------------------------------------------+-------+


+-----------------------------------------------------------------------------------------------------------------------------------------------------------------------------------------------------------------------+
; Analysis & Synthesis Resource Utilization by Entity                                                                                                                                                                   ;
+------------------------------------------+-------------------+--------------+-------------+--------------+---------+-----------+------+--------------+-------------------------------------------------+--------------+
; Compilation Hierarchy Node               ; LC Combinationals ; LC Registers ; Memory Bits ; DSP Elements ; DSP 9x9 ; DSP 18x18 ; Pins ; Virtual Pins ; Full Hierarchy Name                             ; Library Name ;
+------------------------------------------+-------------------+--------------+-------------+--------------+---------+-----------+------+--------------+-------------------------------------------------+--------------+
; |Integrador                              ; 271 (0)           ; 234 (0)      ; 0           ; 0            ; 0       ; 0         ; 14   ; 0            ; |Integrador                                     ; work         ;
;    |BaudRate:instBaudRate|               ; 97 (97)           ; 58 (58)      ; 0           ; 0            ; 0       ; 0         ; 0    ; 0            ; |Integrador|BaudRate:instBaudRate               ; work         ;
;    |DecodeComand:instDecodeComand|       ; 107 (107)         ; 119 (119)    ; 0           ; 0            ; 0       ; 0         ; 0    ; 0            ; |Integrador|DecodeComand:instDecodeComand       ; work         ;
;    |DisplaySelector:instDisplaySelector| ; 9 (9)             ; 13 (13)      ; 0           ; 0            ; 0       ; 0         ; 0    ; 0            ; |Integrador|DisplaySelector:instDisplaySelector ; work         ;
;    |HexDecode:instHexDecode|             ; 7 (7)             ; 0 (0)        ; 0           ; 0            ; 0       ; 0         ; 0    ; 0            ; |Integrador|HexDecode:instHexDecode             ; work         ;
;    |PWM:instPWM|                         ; 28 (28)           ; 7 (7)        ; 0           ; 0            ; 0       ; 0         ; 0    ; 0            ; |Integrador|PWM:instPWM                         ; work         ;
;    |SerialPort:instSerialPort|           ; 23 (23)           ; 37 (37)      ; 0           ; 0            ; 0       ; 0         ; 0    ; 0            ; |Integrador|SerialPort:instSerialPort           ; work         ;
+------------------------------------------+-------------------+--------------+-------------+--------------+---------+-----------+------+--------------+-------------------------------------------------+--------------+
Note: For table entries with two numbers listed, the numbers in parentheses indicate the number of resources of the given type used by the specific entity alone. The numbers listed outside of parentheses indicate the total resources of the given type used by the specific entity and all of its sub-entities in the hierarchy.


Encoding Type:  One-Hot
+-------------------------------------------------------------------------------------------+
; State Machine - |Integrador|DisplaySelector:instDisplaySelector|next_state                ;
+-------------------+---------------+---------------+-------------------+-------------------+
; Name              ; next_state.M2 ; next_state.M1 ; next_state.B_Mode ; next_state.A_Mode ;
+-------------------+---------------+---------------+-------------------+-------------------+
; next_state.A_Mode ; 0             ; 0             ; 0                 ; 0                 ;
; next_state.B_Mode ; 0             ; 0             ; 1                 ; 1                 ;
; next_state.M1     ; 0             ; 1             ; 0                 ; 1                 ;
; next_state.M2     ; 1             ; 0             ; 0                 ; 1                 ;
+-------------------+---------------+---------------+-------------------+-------------------+


Encoding Type:  One-Hot
+-----------------------------------------------------------------------+
; State Machine - |Integrador|DisplaySelector:instDisplaySelector|state ;
+--------------+----------+----------+--------------+-------------------+
; Name         ; state.M2 ; state.M1 ; state.B_Mode ; state.A_Mode      ;
+--------------+----------+----------+--------------+-------------------+
; state.A_Mode ; 0        ; 0        ; 0            ; 0                 ;
; state.B_Mode ; 0        ; 0        ; 1            ; 1                 ;
; state.M1     ; 0        ; 1        ; 0            ; 1                 ;
; state.M2     ; 1        ; 0        ; 0            ; 1                 ;
+--------------+----------+----------+--------------+-------------------+


Encoding Type:  One-Hot
+-------------------------------------------------------------------------------------------------------------------------------------------------------------------------------------------------------------------------------------------------------------------------------------------------------------------------------------------------------------------------------+
; State Machine - |Integrador|DecodeComand:instDecodeComand|next_state                                                                                                                                                                                                                                                                                                          ;
+----------------------+------------------+-----------------+----------------+----------------+----------------+------------------+-----------------+-----------------+----------------+----------------------+--------------------+---------------------+-------------------+---------------------+-------------------+-----------------+--------------------+-----------------+
; Name                 ; next_state.ZCTRL ; next_state.ZSIM ; next_state.ZVM ; next_state.ZM2 ; next_state.ZM1 ; next_state.CTRLX ; next_state.CTRL ; next_state.SIMX ; next_state.SIM ; next_state.VEL_MED_U ; next_state.VEL_MED ; next_state.VEL_M2_U ; next_state.VEL_M2 ; next_state.VEL_M1_U ; next_state.VEL_M1 ; next_state.STOP ; next_state.COMMAND ; next_state.IDLE ;
+----------------------+------------------+-----------------+----------------+----------------+----------------+------------------+-----------------+-----------------+----------------+----------------------+--------------------+---------------------+-------------------+---------------------+-------------------+-----------------+--------------------+-----------------+
; next_state.IDLE      ; 0                ; 0               ; 0              ; 0              ; 0              ; 0                ; 0               ; 0               ; 0              ; 0                    ; 0                  ; 0                   ; 0                 ; 0                   ; 0                 ; 0               ; 0                  ; 0               ;
; next_state.COMMAND   ; 0                ; 0               ; 0              ; 0              ; 0              ; 0                ; 0               ; 0               ; 0              ; 0                    ; 0                  ; 0                   ; 0                 ; 0                   ; 0                 ; 0               ; 1                  ; 1               ;
; next_state.STOP      ; 0                ; 0               ; 0              ; 0              ; 0              ; 0                ; 0               ; 0               ; 0              ; 0                    ; 0                  ; 0                   ; 0                 ; 0                   ; 0                 ; 1               ; 0                  ; 1               ;
; next_state.VEL_M1    ; 0                ; 0               ; 0              ; 0              ; 0              ; 0                ; 0               ; 0               ; 0              ; 0                    ; 0                  ; 0                   ; 0                 ; 0                   ; 1                 ; 0               ; 0                  ; 1               ;
; next_state.VEL_M1_U  ; 0                ; 0               ; 0              ; 0              ; 0              ; 0                ; 0               ; 0               ; 0              ; 0                    ; 0                  ; 0                   ; 0                 ; 1                   ; 0                 ; 0               ; 0                  ; 1               ;
; next_state.VEL_M2    ; 0                ; 0               ; 0              ; 0              ; 0              ; 0                ; 0               ; 0               ; 0              ; 0                    ; 0                  ; 0                   ; 1                 ; 0                   ; 0                 ; 0               ; 0                  ; 1               ;
; next_state.VEL_M2_U  ; 0                ; 0               ; 0              ; 0              ; 0              ; 0                ; 0               ; 0               ; 0              ; 0                    ; 0                  ; 1                   ; 0                 ; 0                   ; 0                 ; 0               ; 0                  ; 1               ;
; next_state.VEL_MED   ; 0                ; 0               ; 0              ; 0              ; 0              ; 0                ; 0               ; 0               ; 0              ; 0                    ; 1                  ; 0                   ; 0                 ; 0                   ; 0                 ; 0               ; 0                  ; 1               ;
; next_state.VEL_MED_U ; 0                ; 0               ; 0              ; 0              ; 0              ; 0                ; 0               ; 0               ; 0              ; 1                    ; 0                  ; 0                   ; 0                 ; 0                   ; 0                 ; 0               ; 0                  ; 1               ;
; next_state.SIM       ; 0                ; 0               ; 0              ; 0              ; 0              ; 0                ; 0               ; 0               ; 1              ; 0                    ; 0                  ; 0                   ; 0                 ; 0                   ; 0                 ; 0               ; 0                  ; 1               ;
; next_state.SIMX      ; 0                ; 0               ; 0              ; 0              ; 0              ; 0                ; 0               ; 1               ; 0              ; 0                    ; 0                  ; 0                   ; 0                 ; 0                   ; 0                 ; 0               ; 0                  ; 1               ;
; next_state.CTRL      ; 0                ; 0               ; 0              ; 0              ; 0              ; 0                ; 1               ; 0               ; 0              ; 0                    ; 0                  ; 0                   ; 0                 ; 0                   ; 0                 ; 0               ; 0                  ; 1               ;
; next_state.CTRLX     ; 0                ; 0               ; 0              ; 0              ; 0              ; 1                ; 0               ; 0               ; 0              ; 0                    ; 0                  ; 0                   ; 0                 ; 0                   ; 0                 ; 0               ; 0                  ; 1               ;
; next_state.ZM1       ; 0                ; 0               ; 0              ; 0              ; 1              ; 0                ; 0               ; 0               ; 0              ; 0                    ; 0                  ; 0                   ; 0                 ; 0                   ; 0                 ; 0               ; 0                  ; 1               ;
; next_state.ZM2       ; 0                ; 0               ; 0              ; 1              ; 0              ; 0                ; 0               ; 0               ; 0              ; 0                    ; 0                  ; 0                   ; 0                 ; 0                   ; 0                 ; 0               ; 0                  ; 1               ;
; next_state.ZVM       ; 0                ; 0               ; 1              ; 0              ; 0              ; 0                ; 0               ; 0               ; 0              ; 0                    ; 0                  ; 0                   ; 0                 ; 0                   ; 0                 ; 0               ; 0                  ; 1               ;
; next_state.ZSIM      ; 0                ; 1               ; 0              ; 0              ; 0              ; 0                ; 0               ; 0               ; 0              ; 0                    ; 0                  ; 0                   ; 0                 ; 0                   ; 0                 ; 0               ; 0                  ; 1               ;
; next_state.ZCTRL     ; 1                ; 0               ; 0              ; 0              ; 0              ; 0                ; 0               ; 0               ; 0              ; 0                    ; 0                  ; 0                   ; 0                 ; 0                   ; 0                 ; 0               ; 0                  ; 1               ;
+----------------------+------------------+-----------------+----------------+----------------+----------------+------------------+-----------------+-----------------+----------------+----------------------+--------------------+---------------------+-------------------+---------------------+-------------------+-----------------+--------------------+-----------------+


Encoding Type:  One-Hot
+--------------------------------------------------------------------------------------------------------------------------------------------------------------------------------------------------------------------------------------------------------------------------------+
; State Machine - |Integrador|DecodeComand:instDecodeComand|state                                                                                                                                                                                                                ;
+-----------------+-------------+------------+-----------+-----------+-----------+-------------+------------+------------+-----------+-----------------+---------------+----------------+--------------+----------------+--------------+------------+---------------+------------+
; Name            ; state.ZCTRL ; state.ZSIM ; state.ZVM ; state.ZM2 ; state.ZM1 ; state.CTRLX ; state.CTRL ; state.SIMX ; state.SIM ; state.VEL_MED_U ; state.VEL_MED ; state.VEL_M2_U ; state.VEL_M2 ; state.VEL_M1_U ; state.VEL_M1 ; state.STOP ; state.COMMAND ; state.IDLE ;
+-----------------+-------------+------------+-----------+-----------+-----------+-------------+------------+------------+-----------+-----------------+---------------+----------------+--------------+----------------+--------------+------------+---------------+------------+
; state.IDLE      ; 0           ; 0          ; 0         ; 0         ; 0         ; 0           ; 0          ; 0          ; 0         ; 0               ; 0             ; 0              ; 0            ; 0              ; 0            ; 0          ; 0             ; 0          ;
; state.COMMAND   ; 0           ; 0          ; 0         ; 0         ; 0         ; 0           ; 0          ; 0          ; 0         ; 0               ; 0             ; 0              ; 0            ; 0              ; 0            ; 0          ; 1             ; 1          ;
; state.STOP      ; 0           ; 0          ; 0         ; 0         ; 0         ; 0           ; 0          ; 0          ; 0         ; 0               ; 0             ; 0              ; 0            ; 0              ; 0            ; 1          ; 0             ; 1          ;
; state.VEL_M1    ; 0           ; 0          ; 0         ; 0         ; 0         ; 0           ; 0          ; 0          ; 0         ; 0               ; 0             ; 0              ; 0            ; 0              ; 1            ; 0          ; 0             ; 1          ;
; state.VEL_M1_U  ; 0           ; 0          ; 0         ; 0         ; 0         ; 0           ; 0          ; 0          ; 0         ; 0               ; 0             ; 0              ; 0            ; 1              ; 0            ; 0          ; 0             ; 1          ;
; state.VEL_M2    ; 0           ; 0          ; 0         ; 0         ; 0         ; 0           ; 0          ; 0          ; 0         ; 0               ; 0             ; 0              ; 1            ; 0              ; 0            ; 0          ; 0             ; 1          ;
; state.VEL_M2_U  ; 0           ; 0          ; 0         ; 0         ; 0         ; 0           ; 0          ; 0          ; 0         ; 0               ; 0             ; 1              ; 0            ; 0              ; 0            ; 0          ; 0             ; 1          ;
; state.VEL_MED   ; 0           ; 0          ; 0         ; 0         ; 0         ; 0           ; 0          ; 0          ; 0         ; 0               ; 1             ; 0              ; 0            ; 0              ; 0            ; 0          ; 0             ; 1          ;
; state.VEL_MED_U ; 0           ; 0          ; 0         ; 0         ; 0         ; 0           ; 0          ; 0          ; 0         ; 1               ; 0             ; 0              ; 0            ; 0              ; 0            ; 0          ; 0             ; 1          ;
; state.SIM       ; 0           ; 0          ; 0         ; 0         ; 0         ; 0           ; 0          ; 0          ; 1         ; 0               ; 0             ; 0              ; 0            ; 0              ; 0            ; 0          ; 0             ; 1          ;
; state.SIMX      ; 0           ; 0          ; 0         ; 0         ; 0         ; 0           ; 0          ; 1          ; 0         ; 0               ; 0             ; 0              ; 0            ; 0              ; 0            ; 0          ; 0             ; 1          ;
; state.CTRL      ; 0           ; 0          ; 0         ; 0         ; 0         ; 0           ; 1          ; 0          ; 0         ; 0               ; 0             ; 0              ; 0            ; 0              ; 0            ; 0          ; 0             ; 1          ;
; state.CTRLX     ; 0           ; 0          ; 0         ; 0         ; 0         ; 1           ; 0          ; 0          ; 0         ; 0               ; 0             ; 0              ; 0            ; 0              ; 0            ; 0          ; 0             ; 1          ;
; state.ZM1       ; 0           ; 0          ; 0         ; 0         ; 1         ; 0           ; 0          ; 0          ; 0         ; 0               ; 0             ; 0              ; 0            ; 0              ; 0            ; 0          ; 0             ; 1          ;
; state.ZM2       ; 0           ; 0          ; 0         ; 1         ; 0         ; 0           ; 0          ; 0          ; 0         ; 0               ; 0             ; 0              ; 0            ; 0              ; 0            ; 0          ; 0             ; 1          ;
; state.ZVM       ; 0           ; 0          ; 1         ; 0         ; 0         ; 0           ; 0          ; 0          ; 0         ; 0               ; 0             ; 0              ; 0            ; 0              ; 0            ; 0          ; 0             ; 1          ;
; state.ZSIM      ; 0           ; 1          ; 0         ; 0         ; 0         ; 0           ; 0          ; 0          ; 0         ; 0               ; 0             ; 0              ; 0            ; 0              ; 0            ; 0          ; 0             ; 1          ;
; state.ZCTRL     ; 1           ; 0          ; 0         ; 0         ; 0         ; 0           ; 0          ; 0          ; 0         ; 0               ; 0             ; 0              ; 0            ; 0              ; 0            ; 0          ; 0             ; 1          ;
+-----------------+-------------+------------+-----------+-----------+-----------+-------------+------------+------------+-----------+-----------------+---------------+----------------+--------------+----------------+--------------+------------+---------------+------------+


Encoding Type:  One-Hot
+-------------------------------------------------------------------------------------------------------------------------------------------------------------+
; State Machine - |Integrador|SerialPort:instSerialPort|state                                                                                                 ;
+-------------+------------+------------+------------+------------+------------+------------+------------+------------+------------+-------------+------------+
; Name        ; state.STOP ; state.BIT8 ; state.BIT7 ; state.BIT6 ; state.BIT5 ; state.BIT4 ; state.BIT3 ; state.BIT2 ; state.BIT1 ; state.START ; state.IDLE ;
+-------------+------------+------------+------------+------------+------------+------------+------------+------------+------------+-------------+------------+
; state.IDLE  ; 0          ; 0          ; 0          ; 0          ; 0          ; 0          ; 0          ; 0          ; 0          ; 0           ; 0          ;
; state.START ; 0          ; 0          ; 0          ; 0          ; 0          ; 0          ; 0          ; 0          ; 0          ; 1           ; 1          ;
; state.BIT1  ; 0          ; 0          ; 0          ; 0          ; 0          ; 0          ; 0          ; 0          ; 1          ; 0           ; 1          ;
; state.BIT2  ; 0          ; 0          ; 0          ; 0          ; 0          ; 0          ; 0          ; 1          ; 0          ; 0           ; 1          ;
; state.BIT3  ; 0          ; 0          ; 0          ; 0          ; 0          ; 0          ; 1          ; 0          ; 0          ; 0           ; 1          ;
; state.BIT4  ; 0          ; 0          ; 0          ; 0          ; 0          ; 1          ; 0          ; 0          ; 0          ; 0           ; 1          ;
; state.BIT5  ; 0          ; 0          ; 0          ; 0          ; 1          ; 0          ; 0          ; 0          ; 0          ; 0           ; 1          ;
; state.BIT6  ; 0          ; 0          ; 0          ; 1          ; 0          ; 0          ; 0          ; 0          ; 0          ; 0           ; 1          ;
; state.BIT7  ; 0          ; 0          ; 1          ; 0          ; 0          ; 0          ; 0          ; 0          ; 0          ; 0           ; 1          ;
; state.BIT8  ; 0          ; 1          ; 0          ; 0          ; 0          ; 0          ; 0          ; 0          ; 0          ; 0           ; 1          ;
; state.STOP  ; 1          ; 0          ; 0          ; 0          ; 0          ; 0          ; 0          ; 0          ; 0          ; 0           ; 1          ;
+-------------+------------+------------+------------+------------+------------+------------+------------+------------+------------+-------------+------------+


Encoding Type:  One-Hot
+-------------------------------------------------------------------------------------------------------------------------------------------------------------------------------------------------------------------------+
; State Machine - |Integrador|SerialPort:instSerialPort|next_state                                                                                                                                                        ;
+------------------+-----------------+-----------------+-----------------+-----------------+-----------------+-----------------+-----------------+-----------------+-----------------+------------------+-----------------+
; Name             ; next_state.STOP ; next_state.BIT8 ; next_state.BIT7 ; next_state.BIT6 ; next_state.BIT5 ; next_state.BIT4 ; next_state.BIT3 ; next_state.BIT2 ; next_state.BIT1 ; next_state.START ; next_state.IDLE ;
+------------------+-----------------+-----------------+-----------------+-----------------+-----------------+-----------------+-----------------+-----------------+-----------------+------------------+-----------------+
; next_state.IDLE  ; 0               ; 0               ; 0               ; 0               ; 0               ; 0               ; 0               ; 0               ; 0               ; 0                ; 0               ;
; next_state.START ; 0               ; 0               ; 0               ; 0               ; 0               ; 0               ; 0               ; 0               ; 0               ; 1                ; 1               ;
; next_state.BIT1  ; 0               ; 0               ; 0               ; 0               ; 0               ; 0               ; 0               ; 0               ; 1               ; 0                ; 1               ;
; next_state.BIT2  ; 0               ; 0               ; 0               ; 0               ; 0               ; 0               ; 0               ; 1               ; 0               ; 0                ; 1               ;
; next_state.BIT3  ; 0               ; 0               ; 0               ; 0               ; 0               ; 0               ; 1               ; 0               ; 0               ; 0                ; 1               ;
; next_state.BIT4  ; 0               ; 0               ; 0               ; 0               ; 0               ; 1               ; 0               ; 0               ; 0               ; 0                ; 1               ;
; next_state.BIT5  ; 0               ; 0               ; 0               ; 0               ; 1               ; 0               ; 0               ; 0               ; 0               ; 0                ; 1               ;
; next_state.BIT6  ; 0               ; 0               ; 0               ; 1               ; 0               ; 0               ; 0               ; 0               ; 0               ; 0                ; 1               ;
; next_state.BIT7  ; 0               ; 0               ; 1               ; 0               ; 0               ; 0               ; 0               ; 0               ; 0               ; 0                ; 1               ;
; next_state.BIT8  ; 0               ; 1               ; 0               ; 0               ; 0               ; 0               ; 0               ; 0               ; 0               ; 0                ; 1               ;
; next_state.STOP  ; 1               ; 0               ; 0               ; 0               ; 0               ; 0               ; 0               ; 0               ; 0               ; 0                ; 1               ;
+------------------+-----------------+-----------------+-----------------+-----------------+-----------------+-----------------+-----------------+-----------------+-----------------+------------------+-----------------+


+-----------------------------------------------------------------------------------------------------+
; Registers Removed During Synthesis                                                                  ;
+---------------------------------------------+-------------------------------------------------------+
; Register name                               ; Reason for Removal                                    ;
+---------------------------------------------+-------------------------------------------------------+
; DecodeComand:instDecodeComand|poHEX_aux1[3] ; Merged with DecodeComand:instDecodeComand|M1CountD[3] ;
; DecodeComand:instDecodeComand|poHEX_aux1[0] ; Merged with DecodeComand:instDecodeComand|M1CountD[0] ;
; DecodeComand:instDecodeComand|poHEX_aux2[3] ; Merged with DecodeComand:instDecodeComand|M2CountD[3] ;
; DecodeComand:instDecodeComand|poHEX_aux2[0] ; Merged with DecodeComand:instDecodeComand|M2CountD[0] ;
; DecodeComand:instDecodeComand|poHEX_aux1[1] ; Merged with DecodeComand:instDecodeComand|M1CountD[1] ;
; DecodeComand:instDecodeComand|poHEX_aux2[1] ; Merged with DecodeComand:instDecodeComand|M2CountD[1] ;
; DecodeComand:instDecodeComand|poHEX_aux1[2] ; Merged with DecodeComand:instDecodeComand|M1CountD[2] ;
; DecodeComand:instDecodeComand|poHEX_aux2[2] ; Merged with DecodeComand:instDecodeComand|M2CountD[2] ;
; SerialPort:instSerialPort|next_state.START  ; Stuck at GND due to stuck port data_in                ;
; SerialPort:instSerialPort|state.START       ; Stuck at GND due to stuck port data_in                ;
; Total Number of Removed Registers = 10      ;                                                       ;
+---------------------------------------------+-------------------------------------------------------+


+-----------------------------------------------------------------------------------------------------------------+
; Removed Registers Triggering Further Register Optimizations                                                     ;
+--------------------------------------------+---------------------------+----------------------------------------+
; Register name                              ; Reason for Removal        ; Registers Removed due to This Register ;
+--------------------------------------------+---------------------------+----------------------------------------+
; SerialPort:instSerialPort|next_state.START ; Stuck at GND              ; SerialPort:instSerialPort|state.START  ;
;                                            ; due to stuck port data_in ;                                        ;
+--------------------------------------------+---------------------------+----------------------------------------+


+------------------------------------------------------+
; General Register Statistics                          ;
+----------------------------------------------+-------+
; Statistic                                    ; Value ;
+----------------------------------------------+-------+
; Total registers                              ; 234   ;
; Number of registers using Synchronous Clear  ; 52    ;
; Number of registers using Synchronous Load   ; 1     ;
; Number of registers using Asynchronous Clear ; 55    ;
; Number of registers using Asynchronous Load  ; 0     ;
; Number of registers using Clock Enable       ; 187   ;
; Number of registers using Preset             ; 0     ;
+----------------------------------------------+-------+


+---------------------------------------------------------------------------------------------------------------------------------------------------------------------------------+
; Multiplexer Restructuring Statistics (Restructuring Performed)                                                                                                                  ;
+--------------------+-----------+---------------+----------------------+------------------------+------------+-------------------------------------------------------------------+
; Multiplexer Inputs ; Bus Width ; Baseline Area ; Area if Restructured ; Saving if Restructured ; Registered ; Example Multiplexer Output                                        ;
+--------------------+-----------+---------------+----------------------+------------------------+------------+-------------------------------------------------------------------+
; 3:1                ; 2 bits    ; 4 LEs         ; 4 LEs                ; 0 LEs                  ; Yes        ; |Integrador|DisplaySelector:instDisplaySelector|poB               ;
; 4:1                ; 7 bits    ; 14 LEs        ; 7 LEs                ; 7 LEs                  ; Yes        ; |Integrador|PWM:instPWM|auxCount[5]                               ;
; 4:1                ; 25 bits   ; 50 LEs        ; 25 LEs               ; 25 LEs                 ; Yes        ; |Integrador|BaudRate:instBaudRate|auxCount_Sec[10]                ;
; 4:1                ; 13 bits   ; 26 LEs        ; 13 LEs               ; 13 LEs                 ; Yes        ; |Integrador|BaudRate:instBaudRate|auxCount[3]                     ;
; 4:1                ; 4 bits    ; 8 LEs         ; 8 LEs                ; 0 LEs                  ; Yes        ; |Integrador|BaudRate:instBaudRate|uartCounter[1]                  ;
; 6:1                ; 8 bits    ; 32 LEs        ; 8 LEs                ; 24 LEs                 ; Yes        ; |Integrador|DecodeComand:instDecodeComand|M1Count[5]              ;
; 6:1                ; 8 bits    ; 32 LEs        ; 8 LEs                ; 24 LEs                 ; Yes        ; |Integrador|DecodeComand:instDecodeComand|poM1[4]                 ;
; 6:1                ; 8 bits    ; 32 LEs        ; 8 LEs                ; 24 LEs                 ; Yes        ; |Integrador|DecodeComand:instDecodeComand|poM2[6]                 ;
; 3:1                ; 4 bits    ; 8 LEs         ; 4 LEs                ; 4 LEs                  ; No         ; |Integrador|DisplaySelector:instDisplaySelector|next_state.A_Mode ;
; 3:1                ; 8 bits    ; 16 LEs        ; 8 LEs                ; 8 LEs                  ; No         ; |Integrador|DecodeComand:instDecodeComand|next_state.VEL_M1_U     ;
+--------------------+-----------+---------------+----------------------+------------------------+------------+-------------------------------------------------------------------+


+--------------------------------------------------------------------+
; Parameter Settings for User Entity Instance: BaudRate:instBaudRate ;
+----------------+----------+----------------------------------------+
; Parameter Name ; Value    ; Type                                   ;
+----------------+----------+----------------------------------------+
; nbits          ; 13       ; Signed Integer                         ;
; rx             ; 2604     ; Signed Integer                         ;
; max            ; 5208     ; Signed Integer                         ;
; nbits_pwm      ; 16       ; Signed Integer                         ;
; max_pwm        ; 5000     ; Signed Integer                         ;
; nbits_sec      ; 25       ; Signed Integer                         ;
; max_sec        ; 25000000 ; Signed Integer                         ;
+----------------+----------+----------------------------------------+
Note: In order to hide this table in the UI and the text report file, please set the "Show Parameter Settings in Synthesis Report" option in "Analysis and Synthesis Settings -> More Settings" to "Off".


+----------------------------------------------------------+
; Parameter Settings for User Entity Instance: PWM:instPWM ;
+----------------+-------+---------------------------------+
; Parameter Name ; Value ; Type                            ;
+----------------+-------+---------------------------------+
; nbits          ; 7     ; Signed Integer                  ;
; max            ; 100   ; Signed Integer                  ;
+----------------+-------+---------------------------------+
Note: In order to hide this table in the UI and the text report file, please set the "Show Parameter Settings in Synthesis Report" option in "Analysis and Synthesis Settings -> More Settings" to "Off".


+----------------------------------------------------------------------------------------------------------------------------------------+
; Port Connectivity Checks: "DecodeComand:instDecodeComand"                                                                              ;
+---------+--------+----------+----------------------------------------------------------------------------------------------------------+
; Port    ; Type   ; Severity ; Details                                                                                                  ;
+---------+--------+----------+----------------------------------------------------------------------------------------------------------+
; podebug ; Output ; Info     ; Connected to dangling logic. Logic that only feeds a dangling port will be removed.                      ;
; povm    ; Output ; Warning  ; Declared by entity but not connected by instance. Logic that only feeds a dangling port will be removed. ;
; posim   ; Output ; Warning  ; Declared by entity but not connected by instance. Logic that only feeds a dangling port will be removed. ;
; poctrl  ; Output ; Warning  ; Declared by entity but not connected by instance. Logic that only feeds a dangling port will be removed. ;
+---------+--------+----------+----------------------------------------------------------------------------------------------------------+


+-------------------------------+
; Elapsed Time Per Partition    ;
+----------------+--------------+
; Partition Name ; Elapsed Time ;
+----------------+--------------+
; Top            ; 00:00:00     ;
+----------------+--------------+


+-------------------------------+
; Analysis & Synthesis Messages ;
+-------------------------------+
Info: *******************************************************************
Info: Running Quartus II 64-Bit Analysis & Synthesis
    Info: Version 13.0.1 Build 232 06/12/2013 Service Pack 1 SJ Web Edition
    Info: Processing started: Tue Dec 03 17:18:07 2024
Info: Command: quartus_map --read_settings_files=on --write_settings_files=off Integrador -c Integrador
Warning (20028): Parallel compilation is not licensed and has been disabled
Info (12021): Found 2 design units, including 1 entities, in source file integrador_tb.vhd
    Info (12022): Found design unit 1: Integrador_TB-A_Integrador_TB
    Info (12023): Found entity 1: Integrador_TB
Info (12021): Found 2 design units, including 1 entities, in source file integrador.vhd
    Info (12022): Found design unit 1: Integrador-aIntegrador
    Info (12023): Found entity 1: Integrador
Info (12021): Found 2 design units, including 1 entities, in source file baudrate.vhd
    Info (12022): Found design unit 1: BaudRate-A_BaudRate
    Info (12023): Found entity 1: BaudRate
Info (12021): Found 2 design units, including 1 entities, in source file serialport.vhd
    Info (12022): Found design unit 1: SerialPort-A_SerialPort
    Info (12023): Found entity 1: SerialPort
Info (12021): Found 2 design units, including 1 entities, in source file decodecomand.vhd
    Info (12022): Found design unit 1: DecodeComand-A_DecodeComand
    Info (12023): Found entity 1: DecodeComand
Info (12021): Found 2 design units, including 1 entities, in source file pwm.vhd
    Info (12022): Found design unit 1: PWM-A_PWM
    Info (12023): Found entity 1: PWM
Info (12021): Found 2 design units, including 1 entities, in source file displayselector.vhd
    Info (12022): Found design unit 1: DisplaySelector-A_DisplaySelector
    Info (12023): Found entity 1: DisplaySelector
Info (12021): Found 2 design units, including 1 entities, in source file hexdecode.vhd
    Info (12022): Found design unit 1: HexDecode-A_HexDecode
    Info (12023): Found entity 1: HexDecode
Info (12127): Elaborating entity "Integrador" for the top level hierarchy
Info (12128): Elaborating entity "BaudRate" for hierarchy "BaudRate:instBaudRate"
Info (12128): Elaborating entity "SerialPort" for hierarchy "SerialPort:instSerialPort"
Info (12128): Elaborating entity "DecodeComand" for hierarchy "DecodeComand:instDecodeComand"
Warning (10541): VHDL Signal Declaration warning at DecodeComand.vhd(18): used implicit default value for signal "poDebug" because signal was never assigned a value or an explicit default value. Use of implicit default value may introduce unintended design optimizations.
Warning (10036): Verilog HDL or VHDL warning at DecodeComand.vhd(30): object "auxSim" assigned a value but never read
Warning (10036): Verilog HDL or VHDL warning at DecodeComand.vhd(30): object "auxCtrl" assigned a value but never read
Info (12128): Elaborating entity "PWM" for hierarchy "PWM:instPWM"
Info (12128): Elaborating entity "DisplaySelector" for hierarchy "DisplaySelector:instDisplaySelector"
Warning (10492): VHDL Process Statement warning at DisplaySelector.vhd(41): signal "piClk" is read inside the Process Statement but isn't in the Process Statement's sensitivity list
Info (12128): Elaborating entity "HexDecode" for hierarchy "HexDecode:instHexDecode"
Warning (12241): 1 hierarchies have connectivity warnings - see the Connectivity Checks report folder
Info (16010): Generating hard_block partition "hard_block:auto_generated_inst"
    Info (16011): Adding 0 node(s), including 0 DDIO, 0 PLL, 0 transceiver and 0 LCELL
Info (21057): Implemented 377 device resources after synthesis - the final resource count might be different
    Info (21058): Implemented 4 input pins
    Info (21059): Implemented 10 output pins
    Info (21061): Implemented 363 logic cells
Info: Quartus II 64-Bit Analysis & Synthesis was successful. 0 errors, 6 warnings
    Info: Peak virtual memory: 4640 megabytes
    Info: Processing ended: Tue Dec 03 17:18:10 2024
    Info: Elapsed time: 00:00:03
    Info: Total CPU time (on all processors): 00:00:02


